生成启动时间为 2016/6/4 19:01:30。
     1>项目“C:\Users\Rory\Documents\QT\projects\untitled\untitled.vcxproj”在节点 2 上(Build 个目标)。
     1>CustomBuild:
         Moc'ing mainwindow.h...
         Uic'ing mainwindow.ui...
         Rcc'ing images.qrc...
     1>C:\Program Files (x86)\MSBuild\Microsoft.Cpp\v4.0\V120\Microsoft.CppBuild.targets(935,5): warning MSB8027: Two or more files with the name of moc_mainwindow.cpp will produce outputs to the same location. This can lead to an incorrect build result.  The files involved are GeneratedFiles\Debug\moc_mainwindow.cpp, GeneratedFiles\Release\moc_mainwindow.cpp.
       ClCompile:
         C:\Program Files (x86)\Microsoft Visual Studio 12.0\VC\bin\x86_amd64\CL.exe /c /I. /IC:\Qt\VS2013Qt5.6.0\5.6\msvc2013_64\include /IC:\Qt\VS2013Qt5.6.0\5.6\msvc2013_64\include\QtWidgets /IC:\Qt\VS2013Qt5.6.0\5.6\msvc2013_64\include\QtGui /IC:\Qt\VS2013Qt5.6.0\5.6\msvc2013_64\include\QtANGLE /IC:\Qt\VS2013Qt5.6.0\5.6\msvc2013_64\include\QtCore /Idebug /I. /I"C:\Qt\VS2013Qt5.6.0\5.6\msvc2013_64\mkspecs\win32-msvc2013" /I.\GeneratedFiles /Zi /nologo /W3 /WX- /Od /D _WINDOWS /D UNICODE /D WIN32 /D WIN64 /D QT_WIDGETS_LIB /D QT_GUI_LIB /D QT_CORE_LIB /Gm- /EHsc /MDd /GS /fp:precise /Zc:wchar_t /Zc:forScope /GR /Fo"x64\Debug\\" /Fd"x64\Debug\vc120.pdb" /Gd /TP /errorReport:prompt -w34100 -w34189 -w44996 GeneratedFiles\Debug\moc_mainwindow.cpp main.cpp mainwindow.cpp myqlistwidgetitem.cpp player.cpp
         moc_mainwindow.cpp
     1>c:\users\rory\documents\qt\projects\untitled\generatedfiles\debug\../../mainwindow.h : warning C4819: 该文件包含不能在当前代码页(936)中表示的字符。请将该文件保存为 Unicode 格式以防止数据丢失
     1>c:\users\rory\documents\qt\projects\untitled\myqlistwidgetitem.h : warning C4819: 该文件包含不能在当前代码页(936)中表示的字符。请将该文件保存为 Unicode 格式以防止数据丢失
         main.cpp
     1>c:\users\rory\documents\qt\projects\untitled\mainwindow.h : warning C4819: 该文件包含不能在当前代码页(936)中表示的字符。请将该文件保存为 Unicode 格式以防止数据丢失
     1>c:\users\rory\documents\qt\projects\untitled\myqlistwidgetitem.h : warning C4819: 该文件包含不能在当前代码页(936)中表示的字符。请将该文件保存为 Unicode 格式以防止数据丢失
         mainwindow.cpp
     1>mainwindow.cpp : warning C4819: 该文件包含不能在当前代码页(936)中表示的字符。请将该文件保存为 Unicode 格式以防止数据丢失
     1>c:\users\rory\documents\qt\projects\untitled\mainwindow.h : warning C4819: 该文件包含不能在当前代码页(936)中表示的字符。请将该文件保存为 Unicode 格式以防止数据丢失
     1>c:\users\rory\documents\qt\projects\untitled\myqlistwidgetitem.h : warning C4819: 该文件包含不能在当前代码页(936)中表示的字符。请将该文件保存为 Unicode 格式以防止数据丢失
     1>mainwindow.cpp(185): warning C4100: “event”: 未引用的形参
     1>mainwindow.cpp(267): warning C4100: “importeditem”: 未引用的形参
         myqlistwidgetitem.cpp
     1>c:\users\rory\documents\qt\projects\untitled\myqlistwidgetitem.h : warning C4819: 该文件包含不能在当前代码页(936)中表示的字符。请将该文件保存为 Unicode 格式以防止数据丢失
         player.cpp
     1>c:\users\rory\documents\qt\projects\untitled\player.h(38): warning C4244: “参数”: 从“DWORD64”转换到“int”，可能丢失数据
         正在生成代码...
         C:\Program Files (x86)\Microsoft Visual Studio 12.0\VC\bin\x86_amd64\CL.exe /c /I. /IC:\Qt\VS2013Qt5.6.0\5.6\msvc2013_64\include /IC:\Qt\VS2013Qt5.6.0\5.6\msvc2013_64\include\QtWidgets /IC:\Qt\VS2013Qt5.6.0\5.6\msvc2013_64\include\QtGui /IC:\Qt\VS2013Qt5.6.0\5.6\msvc2013_64\include\QtANGLE /IC:\Qt\VS2013Qt5.6.0\5.6\msvc2013_64\include\QtCore /Idebug /I. /I"C:\Qt\VS2013Qt5.6.0\5.6\msvc2013_64\mkspecs\win32-msvc2013" /I.\GeneratedFiles /Zi /nologo /W3 /WX- /Od /D _WINDOWS /D UNICODE /D WIN32 /D WIN64 /D QT_WIDGETS_LIB /D QT_GUI_LIB /D QT_CORE_LIB /Gm- /EHsc /MDd /GS /fp:precise /Zc:wchar_t /Zc:forScope /GR /Fo"x64\Debug\\" /Fd"x64\Debug\vc120.pdb" /Gd /TP /errorReport:prompt -w34100 -w34189 -w44996 GeneratedFiles\qrc_images.cpp
         qrc_images.cpp
       Link:
         C:\Program Files (x86)\Microsoft Visual Studio 12.0\VC\bin\x86_amd64\link.exe /ERRORREPORT:PROMPT /OUT:"debug\\untitled.exe" /NOLOGO /LIBPATH:C:\Qt\VS2013Qt5.6.0\5.6\msvc2013_64\lib /LIBPATH:C:\utils\postgresql\pgsql\lib /LIBPATH:C:\utils\my_sql\my_sql\lib /LIBPATH:C:\Qt\VS2013Qt5.6.0\5.6\msvc2013_64\lib /LIBPATH:C:\Users\Rory\Desktop\x64 C:\Qt\VS2013Qt5.6.0\5.6\msvc2013_64\lib\qtmaind.lib shell32.lib C:\Users\Rory\Desktop\x64\WinMM.lib C:\Qt\VS2013Qt5.6.0\5.6\msvc2013_64\lib\Qt5Widgetsd.lib C:\Qt\VS2013Qt5.6.0\5.6\msvc2013_64\lib\Qt5Guid.lib C:\Qt\VS2013Qt5.6.0\5.6\msvc2013_64\lib\Qt5Cored.lib kernel32.lib user32.lib gdi32.lib winspool.lib comdlg32.lib advapi32.lib shell32.lib ole32.lib oleaut32.lib uuid.lib odbc32.lib odbccp32.lib /MANIFEST /MANIFESTUAC:"level='asInvoker' uiAccess='false'" /manifest:embed /DEBUG /PDB:"debug\untitled.pdb" /SUBSYSTEM:WINDOWS /TLBID:1 /DYNAMICBASE /NXCOMPAT /MACHINE:X64 "/MANIFESTDEPENDENCY:type='win32' name='Microsoft.Windows.Common-Controls' version='6.0.0.0' publicKeyToken='6595b64144ccf1df' language='*' processorArchitecture='*'" x64\Debug\moc_mainwindow.obj
         x64\Debug\qrc_images.obj
         x64\Debug\main.obj
         x64\Debug\mainwindow.obj
         x64\Debug\myqlistwidgetitem.obj
         x64\Debug\player.obj
         untitled.vcxproj -> C:\Users\Rory\Documents\QT\projects\untitled\debug\untitled.exe
     1>已完成生成项目“C:\Users\Rory\Documents\QT\projects\untitled\untitled.vcxproj”(Build 个目标)的操作。

生成成功。

已用时间 00:00:14.26
